-------------------------------------------------------------------------------
Test set: io.swagger.api.V1ApiControllerTest
-------------------------------------------------------------------------------
Tests run: 1, Failures: 0, Errors: 1, Skipped: 0, Time elapsed: 0.270 s <<< FAILURE! -- in io.swagger.api.V1ApiControllerTest
io.swagger.api.V1ApiControllerTest -- Time elapsed: 0.270 s <<< ERROR!
java.lang.AbstractMethodError: Receiver class org.junit.jupiter.engine.descriptor.ClassExtensionContext does not define or inherit an implementation of the resolved method 'abstract org.junit.jupiter.api.extension.ExecutableInvoker getExecutableInvoker()' of interface org.junit.jupiter.api.extension.ExtensionContext.
	at org.springframework.test.context.junit.jupiter.SpringExtension.registerMethodInvoker(SpringExtension.java:381)
	at org.springframework.test.context.junit.jupiter.SpringExtension.beforeAll(SpringExtension.java:132)
	at java.base/java.util.ArrayList.forEach(ArrayList.java:1597)
	Suppressed: java.lang.AbstractMethodError: Receiver class org.junit.jupiter.engine.descriptor.ClassExtensionContext does not define or inherit an implementation of the resolved method 'abstract org.junit.jupiter.api.extension.ExecutableInvoker getExecutableInvoker()' of interface org.junit.jupiter.api.extension.ExtensionContext.
		at org.springframework.test.context.junit.jupiter.SpringExtension.registerMethodInvoker(SpringExtension.java:381)
		at org.springframework.test.context.junit.jupiter.SpringExtension.afterAll(SpringExtension.java:143)
		at java.base/java.util.ArrayList.forEach(ArrayList.java:1597)
		... 1 more

